info: 03.09.2022 17:37:29.098 RelationalEventId.CommandExecuted[20101] (Microsoft.EntityFrameworkCore.Database.Command) 
      Executed DbCommand (22ms) [Parameters=[], CommandType='Text', CommandTimeout='30']
      SELECT 1
info: 03.09.2022 17:37:29.163 RelationalEventId.CommandExecuted[20101] (Microsoft.EntityFrameworkCore.Database.Command) 
      Executed DbCommand (40ms) [Parameters=[], CommandType='Text', CommandTimeout='30']
      SELECT OBJECT_ID(N'[__EFMigrationsHistory]');
info: 03.09.2022 17:37:29.172 RelationalEventId.CommandExecuted[20101] (Microsoft.EntityFrameworkCore.Database.Command) 
      Executed DbCommand (3ms) [Parameters=[], CommandType='Text', CommandTimeout='30']
      SELECT 1
info: 03.09.2022 17:37:29.174 RelationalEventId.CommandExecuted[20101] (Microsoft.EntityFrameworkCore.Database.Command) 
      Executed DbCommand (1ms) [Parameters=[], CommandType='Text', CommandTimeout='30']
      SELECT OBJECT_ID(N'[__EFMigrationsHistory]');
info: 03.09.2022 17:37:29.202 RelationalEventId.CommandExecuted[20101] (Microsoft.EntityFrameworkCore.Database.Command) 
      Executed DbCommand (4ms) [Parameters=[], CommandType='Text', CommandTimeout='30']
      SELECT [MigrationId], [ProductVersion]
      FROM [__EFMigrationsHistory]
      ORDER BY [MigrationId];
info: 03.09.2022 17:37:29.368 RelationalEventId.CommandExecuted[20101] (Microsoft.EntityFrameworkCore.Database.Command) 
      Executed DbCommand (11ms) [Parameters=[], CommandType='Text', CommandTimeout='30']
      ALTER TABLE [Workers] ADD [Email] nvarchar(max) NULL;
info: 03.09.2022 17:37:29.529 RelationalEventId.CommandExecuted[20101] (Microsoft.EntityFrameworkCore.Database.Command) 
      Executed DbCommand (160ms) [Parameters=[], CommandType='Text', CommandTimeout='30']
      DECLARE @var0 sysname;
      SELECT @var0 = [d].[name]
      FROM [sys].[default_constraints] [d]
      INNER JOIN [sys].[columns] [c] ON [d].[parent_column_id] = [c].[column_id] AND [d].[parent_object_id] = [c].[object_id]
      WHERE ([d].[parent_object_id] = OBJECT_ID(N'[Orders]') AND [c].[name] = N'OrderDateTime');
      IF @var0 IS NOT NULL EXEC(N'ALTER TABLE [Orders] DROP CONSTRAINT [' + @var0 + '];');
      ALTER TABLE [Orders] ADD DEFAULT '2022-09-03T17:36:49.7609412+03:00' FOR [OrderDateTime];
info: 03.09.2022 17:37:29.576 RelationalEventId.CommandExecuted[20101] (Microsoft.EntityFrameworkCore.Database.Command) 
      Executed DbCommand (46ms) [Parameters=[], CommandType='Text', CommandTimeout='30']
      DECLARE @var1 sysname;
      SELECT @var1 = [d].[name]
      FROM [sys].[default_constraints] [d]
      INNER JOIN [sys].[columns] [c] ON [d].[parent_column_id] = [c].[column_id] AND [d].[parent_object_id] = [c].[object_id]
      WHERE ([d].[parent_object_id] = OBJECT_ID(N'[Automobiles]') AND [c].[name] = N'ProdDate');
      IF @var1 IS NOT NULL EXEC(N'ALTER TABLE [Automobiles] DROP CONSTRAINT [' + @var1 + '];');
      ALTER TABLE [Automobiles] ADD DEFAULT '2022-09-03T17:36:49.7585948+03:00' FOR [ProdDate];
info: 03.09.2022 17:37:29.582 RelationalEventId.CommandExecuted[20101] (Microsoft.EntityFrameworkCore.Database.Command) 
      Executed DbCommand (5ms) [Parameters=[], CommandType='Text', CommandTimeout='30']
      INSERT INTO [__EFMigrationsHistory] ([MigrationId], [ProductVersion])
      VALUES (N'20220903143650_AddedEmailHeadManager', N'6.0.8');
